Determining if the include file malloc/malloc.h exists failed with the following output:
Change Dir: /home/map2check/devel_tool/map_src_on_docker/dependencies/klee-build/CMakeFiles/CMakeTmp

Run Build Command:"/usr/bin/make" "cmTC_ca5bb/fast"
/usr/bin/make -f CMakeFiles/cmTC_ca5bb.dir/build.make CMakeFiles/cmTC_ca5bb.dir/build
make[1]: Entering directory '/home/map2check/devel_tool/map_src_on_docker/dependencies/klee-build/CMakeFiles/CMakeTmp'
Building CXX object CMakeFiles/cmTC_ca5bb.dir/CheckIncludeFile.cxx.o
/usr/bin/c++     -std=c++11 -Wall -Wextra -Wno-unused-parameter    -o CMakeFiles/cmTC_ca5bb.dir/CheckIncludeFile.cxx.o -c /home/map2check/devel_tool/map_src_on_docker/dependencies/klee-build/CMakeFiles/CMakeTmp/CheckIncludeFile.cxx
/home/map2check/devel_tool/map_src_on_docker/dependencies/klee-build/CMakeFiles/CMakeTmp/CheckIncludeFile.cxx:1:27: fatal error: malloc/malloc.h: No such file or directory
compilation terminated.
CMakeFiles/cmTC_ca5bb.dir/build.make:65: recipe for target 'CMakeFiles/cmTC_ca5bb.dir/CheckIncludeFile.cxx.o' failed
make[1]: *** [CMakeFiles/cmTC_ca5bb.dir/CheckIncludeFile.cxx.o] Error 1
make[1]: Leaving directory '/home/map2check/devel_tool/map_src_on_docker/dependencies/klee-build/CMakeFiles/CMakeTmp'
Makefile:126: recipe for target 'cmTC_ca5bb/fast' failed
make: *** [cmTC_ca5bb/fast] Error 2


Determining if the function malloc_zone_statistics exists failed with the following output:
Change Dir: /home/map2check/devel_tool/map_src_on_docker/dependencies/klee-build/CMakeFiles/CMakeTmp

Run Build Command:"/usr/bin/make" "cmTC_b30c1/fast"
/usr/bin/make -f CMakeFiles/cmTC_b30c1.dir/build.make CMakeFiles/cmTC_b30c1.dir/build
make[1]: Entering directory '/home/map2check/devel_tool/map_src_on_docker/dependencies/klee-build/CMakeFiles/CMakeTmp'
Building C object CMakeFiles/cmTC_b30c1.dir/CheckFunctionExists.c.o
/usr/bin/cc    -Wall -Wextra -Wno-unused-parameter -DCHECK_FUNCTION_EXISTS=malloc_zone_statistics   -o CMakeFiles/cmTC_b30c1.dir/CheckFunctionExists.c.o   -c /usr/share/cmake-3.5/Modules/CheckFunctionExists.c
Linking C executable cmTC_b30c1
/usr/bin/cmake -E cmake_link_script CMakeFiles/cmTC_b30c1.dir/link.txt --verbose=1
/usr/bin/cc   -Wall -Wextra -Wno-unused-parameter -DCHECK_FUNCTION_EXISTS=malloc_zone_statistics    CMakeFiles/cmTC_b30c1.dir/CheckFunctionExists.c.o  -o cmTC_b30c1 -rdynamic 
CMakeFiles/cmTC_b30c1.dir/CheckFunctionExists.c.o: In function `main':
CheckFunctionExists.c:(.text+0x15): undefined reference to `malloc_zone_statistics'
collect2: error: ld returned 1 exit status
CMakeFiles/cmTC_b30c1.dir/build.make:97: recipe for target 'cmTC_b30c1' failed
make[1]: *** [cmTC_b30c1] Error 1
make[1]: Leaving directory '/home/map2check/devel_tool/map_src_on_docker/dependencies/klee-build/CMakeFiles/CMakeTmp'
Makefile:126: recipe for target 'cmTC_b30c1/fast' failed
make: *** [cmTC_b30c1/fast] Error 2


Determining if the include file selinux/selinux.h exists failed with the following output:
Change Dir: /home/map2check/devel_tool/map_src_on_docker/dependencies/klee-build/CMakeFiles/CMakeTmp

Run Build Command:"/usr/bin/make" "cmTC_1f587/fast"
/usr/bin/make -f CMakeFiles/cmTC_1f587.dir/build.make CMakeFiles/cmTC_1f587.dir/build
make[1]: Entering directory '/home/map2check/devel_tool/map_src_on_docker/dependencies/klee-build/CMakeFiles/CMakeTmp'
Building C object CMakeFiles/cmTC_1f587.dir/CheckIncludeFile.c.o
/usr/bin/cc    -Wall -Wextra -Wno-unused-parameter    -o CMakeFiles/cmTC_1f587.dir/CheckIncludeFile.c.o   -c /home/map2check/devel_tool/map_src_on_docker/dependencies/klee-build/CMakeFiles/CMakeTmp/CheckIncludeFile.c
/home/map2check/devel_tool/map_src_on_docker/dependencies/klee-build/CMakeFiles/CMakeTmp/CheckIncludeFile.c:1:29: fatal error: selinux/selinux.h: No such file or directory
compilation terminated.
CMakeFiles/cmTC_1f587.dir/build.make:65: recipe for target 'CMakeFiles/cmTC_1f587.dir/CheckIncludeFile.c.o' failed
make[1]: *** [CMakeFiles/cmTC_1f587.dir/CheckIncludeFile.c.o] Error 1
make[1]: Leaving directory '/home/map2check/devel_tool/map_src_on_docker/dependencies/klee-build/CMakeFiles/CMakeTmp'
Makefile:126: recipe for target 'cmTC_1f587/fast' failed
make: *** [cmTC_1f587/fast] Error 2


Determining if the include file sys/acl.h exists failed with the following output:
Change Dir: /home/map2check/devel_tool/map_src_on_docker/dependencies/klee-build/CMakeFiles/CMakeTmp

Run Build Command:"/usr/bin/make" "cmTC_170a8/fast"
/usr/bin/make -f CMakeFiles/cmTC_170a8.dir/build.make CMakeFiles/cmTC_170a8.dir/build
make[1]: Entering directory '/home/map2check/devel_tool/map_src_on_docker/dependencies/klee-build/CMakeFiles/CMakeTmp'
Building C object CMakeFiles/cmTC_170a8.dir/CheckIncludeFile.c.o
/usr/bin/cc    -Wall -Wextra -Wno-unused-parameter    -o CMakeFiles/cmTC_170a8.dir/CheckIncludeFile.c.o   -c /home/map2check/devel_tool/map_src_on_docker/dependencies/klee-build/CMakeFiles/CMakeTmp/CheckIncludeFile.c
/home/map2check/devel_tool/map_src_on_docker/dependencies/klee-build/CMakeFiles/CMakeTmp/CheckIncludeFile.c:1:21: fatal error: sys/acl.h: No such file or directory
compilation terminated.
CMakeFiles/cmTC_170a8.dir/build.make:65: recipe for target 'CMakeFiles/cmTC_170a8.dir/CheckIncludeFile.c.o' failed
make[1]: *** [CMakeFiles/cmTC_170a8.dir/CheckIncludeFile.c.o] Error 1
make[1]: Leaving directory '/home/map2check/devel_tool/map_src_on_docker/dependencies/klee-build/CMakeFiles/CMakeTmp'
Makefile:126: recipe for target 'cmTC_170a8/fast' failed
make: *** [cmTC_170a8/fast] Error 2


